c:\users\scope\desktop\şahın\sherıff one\wın32project2\debug\vc140.pdb
c:\users\scope\desktop\şahın\sherıff one\wın32project2\debug\vc140.ıdb
c:\users\scope\desktop\şahın\sherıff one\wın32project2\debug\aes.obj
c:\users\scope\desktop\şahın\sherıff one\wın32project2\debug\cmem.obj
c:\users\scope\desktop\şahın\sherıff one\wın32project2\debug\cpacket.obj
c:\users\scope\desktop\şahın\sherıff one\wın32project2\debug\cpıngsender.obj
c:\users\scope\desktop\şahın\sherıff one\wın32project2\debug\md5.obj
c:\users\scope\desktop\şahın\sherıff one\wın32project2\debug\stdafx.obj
c:\users\scope\desktop\şahın\sherıff one\wın32project2\debug\utılıty.obj
c:\users\scope\desktop\şahın\sherıff one\wın32project2\debug\vtdetector.obj
c:\users\scope\desktop\şahın\sherıff one\wın32project2\debug\wın32project2.obj
c:\users\scope\desktop\şahın\sherıff one\wın32project2\debug\dllmaın.obj
c:\users\scope\desktop\şahın\rıvas-onlıne\sherıff.ılk
c:\users\scope\desktop\şahın\rıvas-onlıne\sherıff.dll
c:\users\scope\desktop\şahın\rıvas-onlıne\sherıff.pdb
c:\users\scope\desktop\şahin\sheriff one\win32project2\debug\aes.obj
c:\users\scope\desktop\şahin\sheriff one\win32project2\debug\cmem.obj
c:\users\scope\desktop\şahin\sheriff one\win32project2\debug\cpacket.obj
c:\users\scope\desktop\şahin\sheriff one\win32project2\debug\cpingsender.obj
c:\users\scope\desktop\şahin\sheriff one\win32project2\debug\dllmain.obj
c:\users\scope\desktop\şahin\sheriff one\win32project2\debug\md5.obj
c:\users\scope\desktop\şahin\sheriff one\win32project2\debug\stdafx.obj
c:\users\scope\desktop\şahin\sheriff one\win32project2\debug\utility.obj
c:\users\scope\desktop\şahin\sheriff one\win32project2\debug\vtdetector.obj
c:\users\scope\desktop\şahin\sheriff one\win32project2\debug\win32project2.obj
c:\users\scope\desktop\şahin\sheriff one\win32project2\debug\vc140.idb
c:\users\scope\desktop\şahin\sheriff one\win32project2\debug\vc140.pdb
c:\users\scope\desktop\şahin\sheriff one\win32project2\..\..\rivas-online\sheriff.dll
c:\users\scope\desktop\şahin\sheriff one\win32project2\debug\sheriff one.tlog\cl.command.1.tlog
c:\users\scope\desktop\şahin\sheriff one\win32project2\debug\sheriff one.tlog\cl.read.1.tlog
c:\users\scope\desktop\şahin\sheriff one\win32project2\debug\sheriff one.tlog\cl.write.1.tlog
c:\users\scope\desktop\şahin\sheriff one\win32project2\debug\sheriff one.tlog\link.command.1.tlog
c:\users\scope\desktop\şahin\sheriff one\win32project2\debug\sheriff one.tlog\link.read.1.tlog
c:\users\scope\desktop\şahin\sheriff one\win32project2\debug\sheriff one.tlog\link.write.1.tlog
